0 info it worked if it ends with ok
1 verbose cli [ 'C:\\Program Files\\nodejs\\node.exe',
1 verbose cli   'C:\\Users\\Public\\Documents\\web_develop\\EventsManager\\node_modules\\npm\\bin\\npm-cli.js',
1 verbose cli   'run',
1 verbose cli   'babel-node',
1 verbose cli   'server/app.js' ]
2 info using npm@2.15.12
3 info using node@v8.5.0
4 warn invalid config loglevel="notice"
5 verbose stack Error: missing script: babel-node
5 verbose stack     at run (C:\Users\Public\Documents\web_develop\EventsManager\node_modules\npm\lib\run-script.js:142:19)
5 verbose stack     at C:\Users\Public\Documents\web_develop\EventsManager\node_modules\npm\lib\run-script.js:58:5
5 verbose stack     at C:\Users\Public\Documents\web_develop\EventsManager\node_modules\npm\node_modules\read-package-json\read-json.js:356:5
5 verbose stack     at checkBinReferences_ (C:\Users\Public\Documents\web_develop\EventsManager\node_modules\npm\node_modules\read-package-json\read-json.js:320:45)
5 verbose stack     at final (C:\Users\Public\Documents\web_develop\EventsManager\node_modules\npm\node_modules\read-package-json\read-json.js:354:3)
5 verbose stack     at then (C:\Users\Public\Documents\web_develop\EventsManager\node_modules\npm\node_modules\read-package-json\read-json.js:124:5)
5 verbose stack     at C:\Users\Public\Documents\web_develop\EventsManager\node_modules\npm\node_modules\read-package-json\read-json.js:311:12
5 verbose stack     at C:\Users\Public\Documents\web_develop\EventsManager\node_modules\npm\node_modules\graceful-fs\graceful-fs.js:78:16
5 verbose stack     at tryToString (fs.js:514:3)
5 verbose stack     at FSReqWrap.readFileAfterClose [as oncomplete] (fs.js:502:12)
6 verbose cwd C:\Users\Public\Documents\web_develop\EventsManager
7 error Windows_NT 10.0.15063
8 error argv "C:\\Program Files\\nodejs\\node.exe" "C:\\Users\\Public\\Documents\\web_develop\\EventsManager\\node_modules\\npm\\bin\\npm-cli.js" "run" "babel-node" "server/app.js"
9 error node v8.5.0
10 error npm  v2.15.12
11 error missing script: babel-node
12 error If you need help, you may report this error at:
12 error     <https://github.com/npm/npm/issues>
13 verbose exit [ 1, true ]
